[35m[Appium][39m Welcome to Appium v1.22.0
[35m[Appium][39m Non-default server args:
[35m[Appium][39m   port: 63925
[35m[Appium][39m   loglevel: info
[35m[Appium][39m   tmpDir: C:\Users\THINLA~1\AppData\Local\Temp\\Katalon\Appium\Temp1695882933929
[35m[Appium][39m   chromedriverPort: 63926
[35m[Appium][39m Deprecated server args:
[35m[Appium][39m   [31m--chromedriver-port[39m => --default-capabilities
[35m[Appium][39m Default capabilities, which will be added to each request unless overridden by desired capabilities:
[35m[Appium][39m   chromedriverPort: 63926
[35m[Appium][39m Appium REST http interface listener started on 0.0.0.0:63925
[35m[HTTP][39m [37m-->[39m [37mGET[39m [37m/wd/hub/status[39m
[35m[HTTP][39m [90m{}[39m
[35m[HTTP][39m [37m<-- GET /wd/hub/status [39m[32m200[39m [90m18 ms - 68[39m
[35m[HTTP][39m [90m[39m
[35m[HTTP][39m [37m-->[39m [37mGET[39m [37m/wd/hub/status[39m
[35m[HTTP][39m [90m{}[39m
[35m[HTTP][39m [37m<-- GET /wd/hub/status [39m[32m200[39m [90m3 ms - 68[39m
[35m[HTTP][39m [90m[39m
[35m[HTTP][39m [37m-->[39m [37mPOST[39m [37m/wd/hub/session[39m
[35m[HTTP][39m [90m{"desiredCapabilities":{"appPackage":"com.android.settings","appWaitActivity":"*","deviceId":"R9YT10CM89A","deviceName":"samsung SM-A035F (Android 13)","platform":"ANDROID","appActivity":".Settings","newCommandTimeout":1800,"platformVersion":"13","automationName":"uiautomator2","autoGrantPermissions":true,"platformName":"Android","udid":"R9YT10CM89A","systemPort":8252},"capabilities":{"firstMatch":[{"appium:appActivity":".Settings","appium:appPackage":"com.android.settings","appium:appWaitActivity":"*","appium:autoGrantPermissions":true,"appium:automationName":"uiautomator2","deviceId":"R9YT10CM89A","appium:deviceName":"samsung SM-A035F (Android 13)","appium:newCommandTimeout":1800,"platform":"ANDROID","platformName":"android","appium:platformVersion":"13","appium:systemPort":8252,"appium:udid":"R9YT10CM89A"}]}}[39m
[35m[BaseDriver][39m The following capabilities are not standard capabilities and should have an extension prefix:
[35m[BaseDriver][39m   deviceId
[35m[BaseDriver][39m   platform
[35m[BaseDriver][39m   chromedriverPort
[35m[Appium][39m Appium v1.22.0 creating new AndroidUiautomator2Driver (v1.69.0) session
[35m[BaseDriver][39m The following capabilities were provided, but are not recognized by Appium:
[35m[BaseDriver][39m   deviceId
[35m[BaseDriver][39m   platform
[35m[BaseDriver][39m Session created with session id: 9b1214e6-8a9a-4033-b716-14ed412a056a
[35m[UiAutomator2][39m Starting 'com.android.settings' directly on the device
[35m[ADB][39m Found 1 'build-tools' folders under 'C:\Users\Thin Lay\.katalon\tools\android_sdk' (newest first):
[35m[ADB][39m     C:/Users/Thin Lay/.katalon/tools/android_sdk/build-tools/29.0.3
[35m[ADB][39m Using 'adb.exe' from 'C:\Users\Thin Lay\.katalon\tools\android_sdk\platform-tools\adb.exe'
[35m[AndroidDriver][39m Retrieving device list
[35m[AndroidDriver][39m Using device: R9YT10CM89A
[35m[ADB][39m Using 'adb.exe' from 'C:\Users\Thin Lay\.katalon\tools\android_sdk\platform-tools\adb.exe'
[35m[ADB][39m Getting device platform version
[35m[UiAutomator2][39m Relaxing hidden api policy
[35m[AndroidDriver][39m No app sent in, not parsing package/activity
[35m[ADB][39m Using 'apksigner.jar' from 'C:\Users\Thin Lay\.katalon\tools\android_sdk\build-tools\29.0.3\lib\apksigner.jar'
[35m[ADB][39m 'C:\Users\Thin Lay\AppData\Roaming\npm\node_modules\appium\node_modules\appium-uiautomator2-server\apks\appium-uiautomator2-server-v4.24.0.apk' is signed with the default certificate
[35m[ADB][39m 'C:\Users\Thin Lay\AppData\Roaming\npm\node_modules\appium\node_modules\appium-uiautomator2-server\apks\appium-uiautomator2-server-debug-androidTest.apk' is signed with the default certificate
[35m[UiAutomator2][39m Server packages are not going to be (re)installed
[35m[ADB][39m Adding packages ["io.appium.settings","io.appium.uiautomator2.server","io.appium.uiautomator2.server.test"] to Doze whitelist
[35m[UiAutomator2][39m Starting UIAutomator2 server 4.24.0
[35m[UiAutomator2][39m Using UIAutomator2 server from 'C:\Users\Thin Lay\AppData\Roaming\npm\node_modules\appium\node_modules\appium-uiautomator2-server\apks\appium-uiautomator2-server-v4.24.0.apk' and test from 'C:\Users\Thin Lay\AppData\Roaming\npm\node_modules\appium\node_modules\appium-uiautomator2-server\apks\appium-uiautomator2-server-debug-androidTest.apk'
[35m[UiAutomator2][39m Waiting up to 30000ms for UiAutomator2 to be online...
[35m[WD Proxy][39m socket hang up
[35m[WD Proxy][39m socket hang up
[35m[WD Proxy][39m socket hang up
[35m[WD Proxy][39m Determined the downstream protocol as 'W3C'
[35m[AndroidDriver][39m Screen already unlocked, doing nothing
[35m[UiAutomator2][39m Starting 'com.android.settings/.Settings and waiting for 'com.android.settings/*'
[35m[Appium][39m New AndroidUiautomator2Driver session created successfully, session 9b1214e6-8a9a-4033-b716-14ed412a056a added to master session list
[35m[HTTP][39m [37m<-- POST /wd/hub/session [39m[32m200[39m [90m10985 ms - 1250[39m
[35m[HTTP][39m [90m[39m
[35m[HTTP][39m [37m-->[39m [37mGET[39m [37m/wd/hub/session/9b1214e6-8a9a-4033-b716-14ed412a056a[39m
[35m[HTTP][39m [90m{}[39m
[35m[HTTP][39m [37m<-- GET /wd/hub/session/9b1214e6-8a9a-4033-b716-14ed412a056a [39m[32m200[39m [90m18 ms - 1204[39m
[35m[HTTP][39m [90m[39m
[35m[HTTP][39m [37m-->[39m [37mGET[39m [37m/wd/hub/session/9b1214e6-8a9a-4033-b716-14ed412a056a[39m
[35m[HTTP][39m [90m{}[39m
[35m[HTTP][39m [37m<-- GET /wd/hub/session/9b1214e6-8a9a-4033-b716-14ed412a056a [39m[32m200[39m [90m12 ms - 1204[39m
[35m[HTTP][39m [90m[39m
[35m[HTTP][39m [37m-->[39m [37mGET[39m [37m/wd/hub/status[39m
[35m[HTTP][39m [90m{}[39m
[35m[HTTP][39m [37m<-- GET /wd/hub/status [39m[32m200[39m [90m1 ms - 68[39m
[35m[HTTP][39m [90m[39m
[35m[HTTP][39m [37m-->[39m [37mPOST[39m [37m/wd/hub/session/9b1214e6-8a9a-4033-b716-14ed412a056a/timeouts[39m
[35m[HTTP][39m [90m{"implicit":60000}[39m
[35m[HTTP][39m [37m<-- POST /wd/hub/session/9b1214e6-8a9a-4033-b716-14ed412a056a/timeouts [39m[32m200[39m [90m5 ms - 14[39m
[35m[HTTP][39m [90m[39m
[35m[HTTP][39m [37m-->[39m [37mGET[39m [37m/wd/hub/session/9b1214e6-8a9a-4033-b716-14ed412a056a/screenshot[39m
[35m[HTTP][39m [90m{}[39m
[35m[HTTP][39m [37m<-- GET /wd/hub/session/9b1214e6-8a9a-4033-b716-14ed412a056a/screenshot [39m[32m200[39m [90m688 ms - 136032[39m
[35m[HTTP][39m [90m[39m
[35m[HTTP][39m [37m-->[39m [37mGET[39m [37m/wd/hub/session/9b1214e6-8a9a-4033-b716-14ed412a056a/window/rect[39m
[35m[HTTP][39m [90m{}[39m
[35m[HTTP][39m [37m<-- GET /wd/hub/session/9b1214e6-8a9a-4033-b716-14ed412a056a/window/rect [39m[32m200[39m [90m38 ms - 49[39m
[35m[HTTP][39m [90m[39m
[35m[HTTP][39m [37m-->[39m [37mGET[39m [37m/wd/hub/session/9b1214e6-8a9a-4033-b716-14ed412a056a/appium/device/system_bars[39m
[35m[HTTP][39m [90m{}[39m
[35m[HTTP][39m [37m<-- GET /wd/hub/session/9b1214e6-8a9a-4033-b716-14ed412a056a/appium/device/system_bars [39m[32m200[39m [90m178 ms - 145[39m
[35m[HTTP][39m [90m[39m
[35m[HTTP][39m [37m-->[39m [37mPOST[39m [37m/wd/hub/session/9b1214e6-8a9a-4033-b716-14ed412a056a/appium/device/activate_app[39m
[35m[HTTP][39m [90m{"bundleId":"com.momoney.subscriber.uat"}[39m
[35m[HTTP][39m [37m<-- POST /wd/hub/session/9b1214e6-8a9a-4033-b716-14ed412a056a/appium/device/activate_app [39m[32m200[39m [90m759 ms - 14[39m
[35m[HTTP][39m [90m[39m
[35m[HTTP][39m [37m-->[39m [37mGET[39m [37m/wd/hub/session/9b1214e6-8a9a-4033-b716-14ed412a056a/source[39m
[35m[HTTP][39m [90m{}[39m
[35m[W3C (9b1214e6)][39m Driver proxy active, passing request on via HTTP proxy
[35m[WD Proxy][39m Replacing sessionId 27c5f43c-1294-4e00-a82b-cc2145a05588 with 9b1214e6-8a9a-4033-b716-14ed412a056a
[35m[HTTP][39m [37m<-- GET /wd/hub/session/9b1214e6-8a9a-4033-b716-14ed412a056a/source [39m[32m200[39m [90m1385 ms - 16978[39m
[35m[HTTP][39m [90m[39m
[35m[HTTP][39m [37m-->[39m [37mGET[39m [37m/wd/hub/session/9b1214e6-8a9a-4033-b716-14ed412a056a/screenshot[39m
[35m[HTTP][39m [90m{}[39m
[35m[HTTP][39m [37m<-- GET /wd/hub/session/9b1214e6-8a9a-4033-b716-14ed412a056a/screenshot [39m[32m200[39m [90m459 ms - 186758[39m
[35m[HTTP][39m [90m[39m
[35m[HTTP][39m [37m-->[39m [37mPOST[39m [37m/wd/hub/session/9b1214e6-8a9a-4033-b716-14ed412a056a/elements[39m
[35m[HTTP][39m [90m{"using":"xpath","value":"//*[@class = 'android.widget.EditText' and (@text = '' or . = '')]"}[39m
[35m[HTTP][39m [37m<-- POST /wd/hub/session/9b1214e6-8a9a-4033-b716-14ed412a056a/elements [39m[32m200[39m [90m247 ms - 779[39m
[35m[HTTP][39m [90m[39m
[35m[HTTP][39m [37m-->[39m [37mPOST[39m [37m/wd/hub/session/9b1214e6-8a9a-4033-b716-14ed412a056a/elements[39m
[35m[HTTP][39m [90m{"using":"-android uiautomator","value":"new UiSelector().className(\"android.widget.EditText\")"}[39m
[35m[HTTP][39m [37m<-- POST /wd/hub/session/9b1214e6-8a9a-4033-b716-14ed412a056a/elements [39m[32m200[39m [90m241 ms - 779[39m
[35m[HTTP][39m [90m[39m
[35m[HTTP][39m [37m-->[39m [37mGET[39m [37m/wd/hub/session/9b1214e6-8a9a-4033-b716-14ed412a056a/window/rect[39m
[35m[HTTP][39m [90m{}[39m
[35m[HTTP][39m [37m<-- GET /wd/hub/session/9b1214e6-8a9a-4033-b716-14ed412a056a/window/rect [39m[32m200[39m [90m31 ms - 49[39m
[35m[HTTP][39m [90m[39m
[35m[HTTP][39m [37m-->[39m [37mPOST[39m [37m/wd/hub/session/9b1214e6-8a9a-4033-b716-14ed412a056a/elements[39m
[35m[HTTP][39m [90m{"using":"xpath","value":"//hierarchy/android.widget.FrameLayout[1]/android.widget.LinearLayout[1]/android.widget.FrameLayout[1]/android.widget.LinearLayout[1]/android.widget.FrameLayout[1]/android.widget.FrameLayout[1]/android.view.ViewGroup[1]/android.view.ViewGroup[1]/android.view.ViewGroup[1]/android.view.ViewGroup[1]/android.view.ViewGroup[1]/android.view.ViewGroup[1]/android.view.ViewGroup[1]/android.view.ViewGroup[1]/android.widget.ScrollView[1]/android.view.ViewGroup[1]/android.widget.EditText[1]"}[39m
[35m[HTTP][39m [37m<-- POST /wd/hub/session/9b1214e6-8a9a-4033-b716-14ed412a056a/elements [39m[32m200[39m [90m147 ms - 139[39m
[35m[HTTP][39m [90m[39m
[35m[HTTP][39m [37m-->[39m [37mGET[39m [37m/wd/hub/session/9b1214e6-8a9a-4033-b716-14ed412a056a/element/00000000-0000-0a48-ffff-ffff000000fa/location[39m
[35m[HTTP][39m [90m{}[39m
[35m[W3C (9b1214e6)][39m Driver proxy active, passing request on via HTTP proxy
[35m[WD Proxy][39m Replacing sessionId 27c5f43c-1294-4e00-a82b-cc2145a05588 with 9b1214e6-8a9a-4033-b716-14ed412a056a
[35m[HTTP][39m [37m<-- GET /wd/hub/session/9b1214e6-8a9a-4033-b716-14ed412a056a/element/00000000-0000-0a48-ffff-ffff000000fa/location [39m[32m200[39m [90m39 ms - 77[39m
[35m[HTTP][39m [90m[39m
[35m[HTTP][39m [37m-->[39m [37mPOST[39m [37m/wd/hub/session/9b1214e6-8a9a-4033-b716-14ed412a056a/element/00000000-0000-0a48-ffff-ffff000000fa/clear[39m
[35m[HTTP][39m [90m{"id":"00000000-0000-0a48-ffff-ffff000000fa"}[39m
[35m[HTTP][39m [37m<-- POST /wd/hub/session/9b1214e6-8a9a-4033-b716-14ed412a056a/element/00000000-0000-0a48-ffff-ffff000000fa/clear [39m[32m200[39m [90m44 ms - 14[39m
[35m[HTTP][39m [90m[39m
[35m[HTTP][39m [37m-->[39m [37mPOST[39m [37m/wd/hub/session/9b1214e6-8a9a-4033-b716-14ed412a056a/element/00000000-0000-0a48-ffff-ffff000000fa/value[39m
[35m[HTTP][39m [90m{"id":"00000000-0000-0a48-ffff-ffff000000fa","text":"3","value":["3"]}[39m
[35m[HTTP][39m [37m<-- POST /wd/hub/session/9b1214e6-8a9a-4033-b716-14ed412a056a/element/00000000-0000-0a48-ffff-ffff000000fa/value [39m[32m200[39m [90m658 ms - 14[39m
[35m[HTTP][39m [90m[39m
[35m[HTTP][39m [37m-->[39m [37mGET[39m [37m/wd/hub/session/9b1214e6-8a9a-4033-b716-14ed412a056a/source[39m
[35m[HTTP][39m [90m{}[39m
[35m[W3C (9b1214e6)][39m Driver proxy active, passing request on via HTTP proxy
[35m[WD Proxy][39m Replacing sessionId 27c5f43c-1294-4e00-a82b-cc2145a05588 with 9b1214e6-8a9a-4033-b716-14ed412a056a
[35m[HTTP][39m [37m<-- GET /wd/hub/session/9b1214e6-8a9a-4033-b716-14ed412a056a/source [39m[32m200[39m [90m199 ms - 16981[39m
[35m[HTTP][39m [90m[39m
[35m[HTTP][39m [37m-->[39m [37mGET[39m [37m/wd/hub/session/9b1214e6-8a9a-4033-b716-14ed412a056a/screenshot[39m
[35m[HTTP][39m [90m{}[39m
[35m[HTTP][39m [37m<-- GET /wd/hub/session/9b1214e6-8a9a-4033-b716-14ed412a056a/screenshot [39m[32m200[39m [90m436 ms - 188408[39m
[35m[HTTP][39m [90m[39m
[35m[HTTP][39m [37m-->[39m [37mPOST[39m [37m/wd/hub/session/9b1214e6-8a9a-4033-b716-14ed412a056a/elements[39m
[35m[HTTP][39m [90m{"using":"xpath","value":"//*[@class = 'android.widget.EditText' and (@text = '' or . = '')]"}[39m
[35m[HTTP][39m [37m<-- POST /wd/hub/session/9b1214e6-8a9a-4033-b716-14ed412a056a/elements [39m[32m200[39m [90m123 ms - 779[39m
[35m[HTTP][39m [90m[39m
[35m[HTTP][39m [37m-->[39m [37mPOST[39m [37m/wd/hub/session/9b1214e6-8a9a-4033-b716-14ed412a056a/elements[39m
[35m[HTTP][39m [90m{"using":"-android uiautomator","value":"new UiSelector().className(\"android.widget.EditText\")"}[39m
[35m[HTTP][39m [37m<-- POST /wd/hub/session/9b1214e6-8a9a-4033-b716-14ed412a056a/elements [39m[32m200[39m [90m732 ms - 779[39m
[35m[HTTP][39m [90m[39m
[35m[HTTP][39m [37m-->[39m [37mGET[39m [37m/wd/hub/session/9b1214e6-8a9a-4033-b716-14ed412a056a/window/rect[39m
[35m[HTTP][39m [90m{}[39m
[35m[HTTP][39m [37m<-- GET /wd/hub/session/9b1214e6-8a9a-4033-b716-14ed412a056a/window/rect [39m[32m200[39m [90m13 ms - 49[39m
[35m[HTTP][39m [90m[39m
[35m[HTTP][39m [37m-->[39m [37mPOST[39m [37m/wd/hub/session/9b1214e6-8a9a-4033-b716-14ed412a056a/elements[39m
[35m[HTTP][39m [90m{"using":"xpath","value":"//hierarchy/android.widget.FrameLayout[1]/android.widget.LinearLayout[1]/android.widget.FrameLayout[1]/android.widget.LinearLayout[1]/android.widget.FrameLayout[1]/android.widget.FrameLayout[1]/android.view.ViewGroup[1]/android.view.ViewGroup[1]/android.view.ViewGroup[1]/android.view.ViewGroup[1]/android.view.ViewGroup[1]/android.view.ViewGroup[1]/android.view.ViewGroup[1]/android.view.ViewGroup[1]/android.widget.ScrollView[1]/android.view.ViewGroup[1]/android.widget.EditText[2]"}[39m
[35m[HTTP][39m [37m<-- POST /wd/hub/session/9b1214e6-8a9a-4033-b716-14ed412a056a/elements [39m[32m200[39m [90m114 ms - 139[39m
[35m[HTTP][39m [90m[39m
[35m[HTTP][39m [37m-->[39m [37mGET[39m [37m/wd/hub/session/9b1214e6-8a9a-4033-b716-14ed412a056a/element/00000000-0000-0a48-ffff-ffff000000fb/location[39m
[35m[HTTP][39m [90m{}[39m
[35m[W3C (9b1214e6)][39m Driver proxy active, passing request on via HTTP proxy
[35m[WD Proxy][39m Replacing sessionId 27c5f43c-1294-4e00-a82b-cc2145a05588 with 9b1214e6-8a9a-4033-b716-14ed412a056a
[35m[HTTP][39m [37m<-- GET /wd/hub/session/9b1214e6-8a9a-4033-b716-14ed412a056a/element/00000000-0000-0a48-ffff-ffff000000fb/location [39m[32m200[39m [90m27 ms - 78[39m
[35m[HTTP][39m [90m[39m
[35m[HTTP][39m [37m-->[39m [37mPOST[39m [37m/wd/hub/session/9b1214e6-8a9a-4033-b716-14ed412a056a/element/00000000-0000-0a48-ffff-ffff000000fb/clear[39m
[35m[HTTP][39m [90m{"id":"00000000-0000-0a48-ffff-ffff000000fb"}[39m
[35m[HTTP][39m [37m<-- POST /wd/hub/session/9b1214e6-8a9a-4033-b716-14ed412a056a/element/00000000-0000-0a48-ffff-ffff000000fb/clear [39m[32m200[39m [90m22 ms - 14[39m
[35m[HTTP][39m [90m[39m
[35m[HTTP][39m [37m-->[39m [37mPOST[39m [37m/wd/hub/session/9b1214e6-8a9a-4033-b716-14ed412a056a/element/00000000-0000-0a48-ffff-ffff000000fb/value[39m
[35m[HTTP][39m [90m{"id":"00000000-0000-0a48-ffff-ffff000000fb","text":"2","value":["2"]}[39m
[35m[HTTP][39m [37m<-- POST /wd/hub/session/9b1214e6-8a9a-4033-b716-14ed412a056a/element/00000000-0000-0a48-ffff-ffff000000fb/value [39m[32m200[39m [90m640 ms - 14[39m
[35m[HTTP][39m [90m[39m
[35m[HTTP][39m [37m-->[39m [37mGET[39m [37m/wd/hub/session/9b1214e6-8a9a-4033-b716-14ed412a056a/source[39m
[35m[HTTP][39m [90m{}[39m
[35m[W3C (9b1214e6)][39m Driver proxy active, passing request on via HTTP proxy
[35m[WD Proxy][39m Replacing sessionId 27c5f43c-1294-4e00-a82b-cc2145a05588 with 9b1214e6-8a9a-4033-b716-14ed412a056a
[35m[HTTP][39m [37m<-- GET /wd/hub/session/9b1214e6-8a9a-4033-b716-14ed412a056a/source [39m[32m200[39m [90m890 ms - 16984[39m
[35m[HTTP][39m [90m[39m
[35m[HTTP][39m [37m-->[39m [37mGET[39m [37m/wd/hub/session/9b1214e6-8a9a-4033-b716-14ed412a056a/screenshot[39m
[35m[HTTP][39m [90m{}[39m
[35m[HTTP][39m [37m<-- GET /wd/hub/session/9b1214e6-8a9a-4033-b716-14ed412a056a/screenshot [39m[32m200[39m [90m481 ms - 188392[39m
[35m[HTTP][39m [90m[39m
[35m[HTTP][39m [37m-->[39m [37mPOST[39m [37m/wd/hub/session/9b1214e6-8a9a-4033-b716-14ed412a056a/elements[39m
[35m[HTTP][39m [90m{"using":"xpath","value":"//*[@class = 'android.widget.EditText' and (@text = '' or . = '')]"}[39m
[35m[HTTP][39m [37m<-- POST /wd/hub/session/9b1214e6-8a9a-4033-b716-14ed412a056a/elements [39m[32m200[39m [90m204 ms - 779[39m
[35m[HTTP][39m [90m[39m
[35m[HTTP][39m [37m-->[39m [37mPOST[39m [37m/wd/hub/session/9b1214e6-8a9a-4033-b716-14ed412a056a/elements[39m
[35m[HTTP][39m [90m{"using":"-android uiautomator","value":"new UiSelector().className(\"android.widget.EditText\")"}[39m
[35m[HTTP][39m [37m<-- POST /wd/hub/session/9b1214e6-8a9a-4033-b716-14ed412a056a/elements [39m[32m200[39m [90m121 ms - 779[39m
[35m[HTTP][39m [90m[39m
[35m[HTTP][39m [37m-->[39m [37mGET[39m [37m/wd/hub/session/9b1214e6-8a9a-4033-b716-14ed412a056a/window/rect[39m
[35m[HTTP][39m [90m{}[39m
[35m[HTTP][39m [37m<-- GET /wd/hub/session/9b1214e6-8a9a-4033-b716-14ed412a056a/window/rect [39m[32m200[39m [90m15 ms - 49[39m
[35m[HTTP][39m [90m[39m
[35m[HTTP][39m [37m-->[39m [37mPOST[39m [37m/wd/hub/session/9b1214e6-8a9a-4033-b716-14ed412a056a/elements[39m
[35m[HTTP][39m [90m{"using":"xpath","value":"//hierarchy/android.widget.FrameLayout[1]/android.widget.LinearLayout[1]/android.widget.FrameLayout[1]/android.widget.LinearLayout[1]/android.widget.FrameLayout[1]/android.widget.FrameLayout[1]/android.view.ViewGroup[1]/android.view.ViewGroup[1]/android.view.ViewGroup[1]/android.view.ViewGroup[1]/android.view.ViewGroup[1]/android.view.ViewGroup[1]/android.view.ViewGroup[1]/android.view.ViewGroup[1]/android.widget.ScrollView[1]/android.view.ViewGroup[1]/android.widget.EditText[3]"}[39m
[35m[HTTP][39m [37m<-- POST /wd/hub/session/9b1214e6-8a9a-4033-b716-14ed412a056a/elements [39m[32m200[39m [90m112 ms - 139[39m
[35m[HTTP][39m [90m[39m
[35m[HTTP][39m [37m-->[39m [37mGET[39m [37m/wd/hub/session/9b1214e6-8a9a-4033-b716-14ed412a056a/element/00000000-0000-0a48-ffff-ffff000000fc/location[39m
[35m[HTTP][39m [90m{}[39m
[35m[W3C (9b1214e6)][39m Driver proxy active, passing request on via HTTP proxy
[35m[WD Proxy][39m Replacing sessionId 27c5f43c-1294-4e00-a82b-cc2145a05588 with 9b1214e6-8a9a-4033-b716-14ed412a056a
[35m[HTTP][39m [37m<-- GET /wd/hub/session/9b1214e6-8a9a-4033-b716-14ed412a056a/element/00000000-0000-0a48-ffff-ffff000000fc/location [39m[32m200[39m [90m22 ms - 78[39m
[35m[HTTP][39m [90m[39m
[35m[HTTP][39m [37m-->[39m [37mPOST[39m [37m/wd/hub/session/9b1214e6-8a9a-4033-b716-14ed412a056a/element/00000000-0000-0a48-ffff-ffff000000fc/clear[39m
[35m[HTTP][39m [90m{"id":"00000000-0000-0a48-ffff-ffff000000fc"}[39m
[35m[HTTP][39m [37m<-- POST /wd/hub/session/9b1214e6-8a9a-4033-b716-14ed412a056a/element/00000000-0000-0a48-ffff-ffff000000fc/clear [39m[32m200[39m [90m28 ms - 14[39m
[35m[HTTP][39m [90m[39m
[35m[HTTP][39m [37m-->[39m [37mPOST[39m [37m/wd/hub/session/9b1214e6-8a9a-4033-b716-14ed412a056a/element/00000000-0000-0a48-ffff-ffff000000fc/value[39m
[35m[HTTP][39m [90m{"id":"00000000-0000-0a48-ffff-ffff000000fc","text":"4","value":["4"]}[39m
[35m[HTTP][39m [37m<-- POST /wd/hub/session/9b1214e6-8a9a-4033-b716-14ed412a056a/element/00000000-0000-0a48-ffff-ffff000000fc/value [39m[32m200[39m [90m665 ms - 14[39m
[35m[HTTP][39m [90m[39m
[35m[HTTP][39m [37m-->[39m [37mGET[39m [37m/wd/hub/session/9b1214e6-8a9a-4033-b716-14ed412a056a/source[39m
[35m[HTTP][39m [90m{}[39m
[35m[W3C (9b1214e6)][39m Driver proxy active, passing request on via HTTP proxy
[35m[WD Proxy][39m Replacing sessionId 27c5f43c-1294-4e00-a82b-cc2145a05588 with 9b1214e6-8a9a-4033-b716-14ed412a056a
[35m[HTTP][39m [37m<-- GET /wd/hub/session/9b1214e6-8a9a-4033-b716-14ed412a056a/source [39m[32m200[39m [90m302 ms - 16987[39m
[35m[HTTP][39m [90m[39m
[35m[HTTP][39m [37m-->[39m [37mGET[39m [37m/wd/hub/session/9b1214e6-8a9a-4033-b716-14ed412a056a/screenshot[39m
[35m[HTTP][39m [90m{}[39m
[35m[HTTP][39m [37m<-- GET /wd/hub/session/9b1214e6-8a9a-4033-b716-14ed412a056a/screenshot [39m[32m200[39m [90m547 ms - 188092[39m
[35m[HTTP][39m [90m[39m
[35m[HTTP][39m [37m-->[39m [37mPOST[39m [37m/wd/hub/session/9b1214e6-8a9a-4033-b716-14ed412a056a/elements[39m
[35m[HTTP][39m [90m{"using":"xpath","value":"//*[@class = 'android.widget.EditText' and (@text = '' or . = '')]"}[39m
[35m[HTTP][39m [37m<-- POST /wd/hub/session/9b1214e6-8a9a-4033-b716-14ed412a056a/elements [39m[32m200[39m [90m89 ms - 779[39m
[35m[HTTP][39m [90m[39m
[35m[HTTP][39m [37m-->[39m [37mPOST[39m [37m/wd/hub/session/9b1214e6-8a9a-4033-b716-14ed412a056a/elements[39m
[35m[HTTP][39m [90m{"using":"-android uiautomator","value":"new UiSelector().className(\"android.widget.EditText\")"}[39m
[35m[HTTP][39m [37m<-- POST /wd/hub/session/9b1214e6-8a9a-4033-b716-14ed412a056a/elements [39m[32m200[39m [90m71 ms - 779[39m
[35m[HTTP][39m [90m[39m
[35m[HTTP][39m [37m-->[39m [37mGET[39m [37m/wd/hub/session/9b1214e6-8a9a-4033-b716-14ed412a056a/window/rect[39m
[35m[HTTP][39m [90m{}[39m
[35m[HTTP][39m [37m<-- GET /wd/hub/session/9b1214e6-8a9a-4033-b716-14ed412a056a/window/rect [39m[32m200[39m [90m14 ms - 49[39m
[35m[HTTP][39m [90m[39m
[35m[HTTP][39m [37m-->[39m [37mPOST[39m [37m/wd/hub/session/9b1214e6-8a9a-4033-b716-14ed412a056a/elements[39m
[35m[HTTP][39m [90m{"using":"xpath","value":"//hierarchy/android.widget.FrameLayout[1]/android.widget.LinearLayout[1]/android.widget.FrameLayout[1]/android.widget.LinearLayout[1]/android.widget.FrameLayout[1]/android.widget.FrameLayout[1]/android.view.ViewGroup[1]/android.view.ViewGroup[1]/android.view.ViewGroup[1]/android.view.ViewGroup[1]/android.view.ViewGroup[1]/android.view.ViewGroup[1]/android.view.ViewGroup[1]/android.view.ViewGroup[1]/android.widget.ScrollView[1]/android.view.ViewGroup[1]/android.widget.EditText[4]"}[39m
[35m[HTTP][39m [37m<-- POST /wd/hub/session/9b1214e6-8a9a-4033-b716-14ed412a056a/elements [39m[32m200[39m [90m100 ms - 139[39m
[35m[HTTP][39m [90m[39m
[35m[HTTP][39m [37m-->[39m [37mGET[39m [37m/wd/hub/session/9b1214e6-8a9a-4033-b716-14ed412a056a/element/00000000-0000-0a48-ffff-ffff000000fd/location[39m
[35m[HTTP][39m [90m{}[39m
[35m[W3C (9b1214e6)][39m Driver proxy active, passing request on via HTTP proxy
[35m[WD Proxy][39m Replacing sessionId 27c5f43c-1294-4e00-a82b-cc2145a05588 with 9b1214e6-8a9a-4033-b716-14ed412a056a
[35m[HTTP][39m [37m<-- GET /wd/hub/session/9b1214e6-8a9a-4033-b716-14ed412a056a/element/00000000-0000-0a48-ffff-ffff000000fd/location [39m[32m200[39m [90m18 ms - 78[39m
[35m[HTTP][39m [90m[39m
[35m[HTTP][39m [37m-->[39m [37mPOST[39m [37m/wd/hub/session/9b1214e6-8a9a-4033-b716-14ed412a056a/element/00000000-0000-0a48-ffff-ffff000000fd/clear[39m
[35m[HTTP][39m [90m{"id":"00000000-0000-0a48-ffff-ffff000000fd"}[39m
[35m[HTTP][39m [37m<-- POST /wd/hub/session/9b1214e6-8a9a-4033-b716-14ed412a056a/element/00000000-0000-0a48-ffff-ffff000000fd/clear [39m[32m200[39m [90m25 ms - 14[39m
[35m[HTTP][39m [90m[39m
[35m[HTTP][39m [37m-->[39m [37mPOST[39m [37m/wd/hub/session/9b1214e6-8a9a-4033-b716-14ed412a056a/element/00000000-0000-0a48-ffff-ffff000000fd/value[39m
[35m[HTTP][39m [90m{"id":"00000000-0000-0a48-ffff-ffff000000fd","text":"5","value":["5"]}[39m
[35m[HTTP][39m [37m<-- POST /wd/hub/session/9b1214e6-8a9a-4033-b716-14ed412a056a/element/00000000-0000-0a48-ffff-ffff000000fd/value [39m[32m200[39m [90m647 ms - 14[39m
[35m[HTTP][39m [90m[39m
[35m[HTTP][39m [37m-->[39m [37mGET[39m [37m/wd/hub/session/9b1214e6-8a9a-4033-b716-14ed412a056a/source[39m
[35m[HTTP][39m [90m{}[39m
[35m[W3C (9b1214e6)][39m Driver proxy active, passing request on via HTTP proxy
[35m[WD Proxy][39m Replacing sessionId 27c5f43c-1294-4e00-a82b-cc2145a05588 with 9b1214e6-8a9a-4033-b716-14ed412a056a
[35m[HTTP][39m [37m<-- GET /wd/hub/session/9b1214e6-8a9a-4033-b716-14ed412a056a/source [39m[32m200[39m [90m199 ms - 16990[39m
[35m[HTTP][39m [90m[39m
[35m[HTTP][39m [37m-->[39m [37mGET[39m [37m/wd/hub/session/9b1214e6-8a9a-4033-b716-14ed412a056a/screenshot[39m
[35m[HTTP][39m [90m{}[39m
[35m[HTTP][39m [37m<-- GET /wd/hub/session/9b1214e6-8a9a-4033-b716-14ed412a056a/screenshot [39m[32m200[39m [90m443 ms - 188092[39m
[35m[HTTP][39m [90m[39m
[35m[HTTP][39m [37m-->[39m [37mPOST[39m [37m/wd/hub/session/9b1214e6-8a9a-4033-b716-14ed412a056a/elements[39m
[35m[HTTP][39m [90m{"using":"xpath","value":"//*[@class = 'android.widget.EditText' and (@text = '' or . = '')]"}[39m
[35m[HTTP][39m [37m<-- POST /wd/hub/session/9b1214e6-8a9a-4033-b716-14ed412a056a/elements [39m[32m200[39m [90m111 ms - 779[39m
[35m[HTTP][39m [90m[39m
[35m[HTTP][39m [37m-->[39m [37mPOST[39m [37m/wd/hub/session/9b1214e6-8a9a-4033-b716-14ed412a056a/elements[39m
[35m[HTTP][39m [90m{"using":"-android uiautomator","value":"new UiSelector().className(\"android.widget.EditText\")"}[39m
[35m[HTTP][39m [37m<-- POST /wd/hub/session/9b1214e6-8a9a-4033-b716-14ed412a056a/elements [39m[32m200[39m [90m113 ms - 779[39m
[35m[HTTP][39m [90m[39m
[35m[HTTP][39m [37m-->[39m [37mGET[39m [37m/wd/hub/session/9b1214e6-8a9a-4033-b716-14ed412a056a/window/rect[39m
[35m[HTTP][39m [90m{}[39m
[35m[HTTP][39m [37m<-- GET /wd/hub/session/9b1214e6-8a9a-4033-b716-14ed412a056a/window/rect [39m[32m200[39m [90m13 ms - 49[39m
[35m[HTTP][39m [90m[39m
[35m[HTTP][39m [37m-->[39m [37mPOST[39m [37m/wd/hub/session/9b1214e6-8a9a-4033-b716-14ed412a056a/elements[39m
[35m[HTTP][39m [90m{"using":"xpath","value":"//hierarchy/android.widget.FrameLayout[1]/android.widget.LinearLayout[1]/android.widget.FrameLayout[1]/android.widget.LinearLayout[1]/android.widget.FrameLayout[1]/android.widget.FrameLayout[1]/android.view.ViewGroup[1]/android.view.ViewGroup[1]/android.view.ViewGroup[1]/android.view.ViewGroup[1]/android.view.ViewGroup[1]/android.view.ViewGroup[1]/android.view.ViewGroup[1]/android.view.ViewGroup[1]/android.widget.ScrollView[1]/android.view.ViewGroup[1]/android.widget.EditText[5]"}[39m
[35m[HTTP][39m [37m<-- POST /wd/hub/session/9b1214e6-8a9a-4033-b716-14ed412a056a/elements [39m[32m200[39m [90m109 ms - 139[39m
[35m[HTTP][39m [90m[39m
[35m[HTTP][39m [37m-->[39m [37mGET[39m [37m/wd/hub/session/9b1214e6-8a9a-4033-b716-14ed412a056a/element/00000000-0000-0a48-ffff-ffff000000fe/location[39m
[35m[HTTP][39m [90m{}[39m
[35m[W3C (9b1214e6)][39m Driver proxy active, passing request on via HTTP proxy
[35m[WD Proxy][39m Replacing sessionId 27c5f43c-1294-4e00-a82b-cc2145a05588 with 9b1214e6-8a9a-4033-b716-14ed412a056a
[35m[HTTP][39m [37m<-- GET /wd/hub/session/9b1214e6-8a9a-4033-b716-14ed412a056a/element/00000000-0000-0a48-ffff-ffff000000fe/location [39m[32m200[39m [90m18 ms - 78[39m
[35m[HTTP][39m [90m[39m
[35m[HTTP][39m [37m-->[39m [37mPOST[39m [37m/wd/hub/session/9b1214e6-8a9a-4033-b716-14ed412a056a/element/00000000-0000-0a48-ffff-ffff000000fe/clear[39m
[35m[HTTP][39m [90m{"id":"00000000-0000-0a48-ffff-ffff000000fe"}[39m
[35m[HTTP][39m [37m<-- POST /wd/hub/session/9b1214e6-8a9a-4033-b716-14ed412a056a/element/00000000-0000-0a48-ffff-ffff000000fe/clear [39m[32m200[39m [90m20 ms - 14[39m
[35m[HTTP][39m [90m[39m
[35m[HTTP][39m [37m-->[39m [37mPOST[39m [37m/wd/hub/session/9b1214e6-8a9a-4033-b716-14ed412a056a/element/00000000-0000-0a48-ffff-ffff000000fe/value[39m
[35m[HTTP][39m [90m{"id":"00000000-0000-0a48-ffff-ffff000000fe","text":"3","value":["3"]}[39m
[35m[HTTP][39m [37m<-- POST /wd/hub/session/9b1214e6-8a9a-4033-b716-14ed412a056a/element/00000000-0000-0a48-ffff-ffff000000fe/value [39m[32m200[39m [90m636 ms - 14[39m
[35m[HTTP][39m [90m[39m
[35m[HTTP][39m [37m-->[39m [37mGET[39m [37m/wd/hub/session/9b1214e6-8a9a-4033-b716-14ed412a056a/source[39m
[35m[HTTP][39m [90m{}[39m
[35m[W3C (9b1214e6)][39m Driver proxy active, passing request on via HTTP proxy
[35m[WD Proxy][39m Replacing sessionId 27c5f43c-1294-4e00-a82b-cc2145a05588 with 9b1214e6-8a9a-4033-b716-14ed412a056a
[35m[HTTP][39m [37m<-- GET /wd/hub/session/9b1214e6-8a9a-4033-b716-14ed412a056a/source [39m[32m200[39m [90m153 ms - 16993[39m
[35m[HTTP][39m [90m[39m
[35m[HTTP][39m [37m-->[39m [37mGET[39m [37m/wd/hub/session/9b1214e6-8a9a-4033-b716-14ed412a056a/screenshot[39m
[35m[HTTP][39m [90m{}[39m
[35m[HTTP][39m [37m<-- GET /wd/hub/session/9b1214e6-8a9a-4033-b716-14ed412a056a/screenshot [39m[32m200[39m [90m431 ms - 188042[39m
[35m[HTTP][39m [90m[39m
[35m[HTTP][39m [37m-->[39m [37mPOST[39m [37m/wd/hub/session/9b1214e6-8a9a-4033-b716-14ed412a056a/elements[39m
[35m[HTTP][39m [90m{"using":"xpath","value":"//*[@class = 'android.widget.EditText' and (@text = '' or . = '')]"}[39m
[35m[HTTP][39m [37m<-- POST /wd/hub/session/9b1214e6-8a9a-4033-b716-14ed412a056a/elements [39m[32m200[39m [90m116 ms - 779[39m
[35m[HTTP][39m [90m[39m
[35m[HTTP][39m [37m-->[39m [37mPOST[39m [37m/wd/hub/session/9b1214e6-8a9a-4033-b716-14ed412a056a/elements[39m
[35m[HTTP][39m [90m{"using":"-android uiautomator","value":"new UiSelector().className(\"android.widget.EditText\")"}[39m
[35m[HTTP][39m [37m<-- POST /wd/hub/session/9b1214e6-8a9a-4033-b716-14ed412a056a/elements [39m[32m200[39m [90m92 ms - 779[39m
[35m[HTTP][39m [90m[39m
[35m[HTTP][39m [37m-->[39m [37mGET[39m [37m/wd/hub/session/9b1214e6-8a9a-4033-b716-14ed412a056a/window/rect[39m
[35m[HTTP][39m [90m{}[39m
[35m[HTTP][39m [37m<-- GET /wd/hub/session/9b1214e6-8a9a-4033-b716-14ed412a056a/window/rect [39m[32m200[39m [90m13 ms - 49[39m
[35m[HTTP][39m [90m[39m
[35m[HTTP][39m [37m-->[39m [37mPOST[39m [37m/wd/hub/session/9b1214e6-8a9a-4033-b716-14ed412a056a/elements[39m
[35m[HTTP][39m [90m{"using":"xpath","value":"//hierarchy/android.widget.FrameLayout[1]/android.widget.LinearLayout[1]/android.widget.FrameLayout[1]/android.widget.LinearLayout[1]/android.widget.FrameLayout[1]/android.widget.FrameLayout[1]/android.view.ViewGroup[1]/android.view.ViewGroup[1]/android.view.ViewGroup[1]/android.view.ViewGroup[1]/android.view.ViewGroup[1]/android.view.ViewGroup[1]/android.view.ViewGroup[1]/android.view.ViewGroup[1]/android.widget.ScrollView[1]/android.view.ViewGroup[1]/android.widget.EditText[6]"}[39m
[35m[HTTP][39m [37m<-- POST /wd/hub/session/9b1214e6-8a9a-4033-b716-14ed412a056a/elements [39m[32m200[39m [90m123 ms - 139[39m
[35m[HTTP][39m [90m[39m
[35m[HTTP][39m [37m-->[39m [37mGET[39m [37m/wd/hub/session/9b1214e6-8a9a-4033-b716-14ed412a056a/element/00000000-0000-0a48-ffff-ffff000000ff/location[39m
[35m[HTTP][39m [90m{}[39m
[35m[W3C (9b1214e6)][39m Driver proxy active, passing request on via HTTP proxy
[35m[WD Proxy][39m Replacing sessionId 27c5f43c-1294-4e00-a82b-cc2145a05588 with 9b1214e6-8a9a-4033-b716-14ed412a056a
[35m[HTTP][39m [37m<-- GET /wd/hub/session/9b1214e6-8a9a-4033-b716-14ed412a056a/element/00000000-0000-0a48-ffff-ffff000000ff/location [39m[32m200[39m [90m20 ms - 78[39m
[35m[HTTP][39m [90m[39m
[35m[HTTP][39m [37m-->[39m [37mPOST[39m [37m/wd/hub/session/9b1214e6-8a9a-4033-b716-14ed412a056a/element/00000000-0000-0a48-ffff-ffff000000ff/clear[39m
[35m[HTTP][39m [90m{"id":"00000000-0000-0a48-ffff-ffff000000ff"}[39m
[35m[HTTP][39m [37m<-- POST /wd/hub/session/9b1214e6-8a9a-4033-b716-14ed412a056a/element/00000000-0000-0a48-ffff-ffff000000ff/clear [39m[32m200[39m [90m23 ms - 14[39m
[35m[HTTP][39m [90m[39m
[35m[HTTP][39m [37m-->[39m [37mPOST[39m [37m/wd/hub/session/9b1214e6-8a9a-4033-b716-14ed412a056a/element/00000000-0000-0a48-ffff-ffff000000ff/value[39m
[35m[HTTP][39m [90m{"id":"00000000-0000-0a48-ffff-ffff000000ff","text":"3","value":["3"]}[39m
[35m[HTTP][39m [37m<-- POST /wd/hub/session/9b1214e6-8a9a-4033-b716-14ed412a056a/element/00000000-0000-0a48-ffff-ffff000000ff/value [39m[32m200[39m [90m651 ms - 14[39m
[35m[HTTP][39m [90m[39m
[35m[HTTP][39m [37m-->[39m [37mGET[39m [37m/wd/hub/session/9b1214e6-8a9a-4033-b716-14ed412a056a/source[39m
[35m[HTTP][39m [90m{}[39m
[35m[W3C (9b1214e6)][39m Driver proxy active, passing request on via HTTP proxy
[35m[WD Proxy][39m Replacing sessionId 27c5f43c-1294-4e00-a82b-cc2145a05588 with 9b1214e6-8a9a-4033-b716-14ed412a056a
[35m[HTTP][39m [37m<-- GET /wd/hub/session/9b1214e6-8a9a-4033-b716-14ed412a056a/source [39m[32m200[39m [90m1219 ms - 6856[39m
[35m[HTTP][39m [90m[39m
[35m[HTTP][39m [37m-->[39m [37mGET[39m [37m/wd/hub/session/9b1214e6-8a9a-4033-b716-14ed412a056a/screenshot[39m
[35m[HTTP][39m [90m{}[39m
[35m[HTTP][39m [37m<-- GET /wd/hub/session/9b1214e6-8a9a-4033-b716-14ed412a056a/screenshot [39m[32m200[39m [90m430 ms - 111484[39m
[35m[HTTP][39m [90m[39m
[35m[HTTP][39m [37m-->[39m [37mGET[39m [37m/wd/hub/session/9b1214e6-8a9a-4033-b716-14ed412a056a/screenshot[39m
[35m[HTTP][39m [90m{}[39m
[35m[HTTP][39m [37m<-- GET /wd/hub/session/9b1214e6-8a9a-4033-b716-14ed412a056a/screenshot [39m[32m200[39m [90m439 ms - 111488[39m
[35m[HTTP][39m [90m[39m
[35m[HTTP][39m [37m-->[39m [37mGET[39m [37m/wd/hub/session/9b1214e6-8a9a-4033-b716-14ed412a056a/source[39m
[35m[HTTP][39m [90m{}[39m
[35m[W3C (9b1214e6)][39m Driver proxy active, passing request on via HTTP proxy
[35m[WD Proxy][39m Replacing sessionId 27c5f43c-1294-4e00-a82b-cc2145a05588 with 9b1214e6-8a9a-4033-b716-14ed412a056a
[35m[HTTP][39m [37m<-- GET /wd/hub/session/9b1214e6-8a9a-4033-b716-14ed412a056a/source [39m[32m200[39m [90m45 ms - 6856[39m
[35m[HTTP][39m [90m[39m
[35m[HTTP][39m [37m-->[39m [37mGET[39m [37m/wd/hub/session/9b1214e6-8a9a-4033-b716-14ed412a056a/screenshot[39m
[35m[HTTP][39m [90m{}[39m
[35m[HTTP][39m [37m<-- GET /wd/hub/session/9b1214e6-8a9a-4033-b716-14ed412a056a/screenshot [39m[32m200[39m [90m435 ms - 111488[39m
[35m[HTTP][39m [90m[39m
[35m[HTTP][39m [37m-->[39m [37mDELETE[39m [37m/wd/hub/session/9b1214e6-8a9a-4033-b716-14ed412a056a[39m
[35m[HTTP][39m [90m{}[39m
[35m[Appium][39m Removing session 9b1214e6-8a9a-4033-b716-14ed412a056a from our master session list
[35m[UiAutomator2][39m Restoring hidden api policy to the device default configuration
[35m[HTTP][39m [37m<-- DELETE /wd/hub/session/9b1214e6-8a9a-4033-b716-14ed412a056a [39m[32m200[39m [90m559 ms - 14[39m
[35m[HTTP][39m [90m[39m
